<?xml version="1.0" encoding="UTF-8"?>
<testsuite xmlns:xsi="http://www.w3.org/2001/XMLSchema-instance" xsi:noNamespaceSchemaLocation="https://maven.apache.org/surefire/maven-surefire-plugin/xsd/surefire-test-report-3.0.xsd" version="3.0" name="com.example.sprinproject.auth.AuthenticationServiceTest" time="2.09" tests="4" errors="0" skipped="0" failures="0">
  <properties>
[...]
</properties>
  <testcase name="activateaccount_validTokenEnablesUser" classname="com.example.sprinproject.auth.AuthenticationServiceTest" time="1.939">
    <system-err><![CDATA[Oct 20, 2025 5:04:18 PM io.cucumber.junit.platform.engine.FeatureResolver resolvePackageResourceWarnIfNone
WARNING: No features found in package 'com.example.sprinproject.cucumber'
WARNING: A Java agent has been loaded dynamically (C:\Users\moham\.m2\repository\net\bytebuddy\byte-buddy-agent\1.14.19\byte-buddy-agent-1.14.19.jar)
WARNING: If a serviceability tool is in use, please run with -XX:+EnableDynamicAgentLoading to hide this warning
WARNING: If a serviceability tool is not in use, please run with -Djdk.instrument.traceUsage for more information
WARNING: Dynamic loading of agents will be disallowed by default in a future release
]]></system-err>
  </testcase>
  <testcase name="authenficate_successfulAuthentication" classname="com.example.sprinproject.auth.AuthenticationServiceTest" time="0.074"/>
  <testcase name="register_successfulRegistration" classname="com.example.sprinproject.auth.AuthenticationServiceTest" time="0.017"/>
  <testcase name="register_roleNotFound" classname="com.example.sprinproject.auth.AuthenticationServiceTest" time="0.007"/>
</testsuite>